[2026-05-05 13:44:56] Mapa salvo | spawn=(1,13)
  Mapa:
  1 1 1 1 1 1 1 1 1 1 1 1 1 1 1 1 1 1 1 1 
  1 2 0 0 0 0 0 0 0 0 0 0 0 0 0 0 0 0 0 1 
  1 0 0 0 0 0 0 0 0 0 0 0 0 0 0 0 0 0 0 1 
  1 0 0 0 0 0 0 0 0 0 0 0 0 0 0 0 0 0 0 1 
  1 0 0 0 0 0 0 0 0 0 0 0 0 0 0 0 0 0 0 1 
  1 0 0 0 0 0 0 0 0 0 0 0 0 0 0 0 0 0 0 1 
  1 0 0 0 0 0 0 0 0 0 0 0 0 0 0 0 0 0 0 1 
  1 0 0 0 0 0 0 0 0 0 0 0 0 0 0 0 0 0 0 1 
  1 0 0 0 0 0 0 0 0 0 0 0 0 0 0 0 0 0 0 1 
  1 0 0 0 0 0 0 0 0 0 0 0 0 0 0 0 0 0 0 1 
  1 0 0 0 0 0 0 0 0 0 0 0 0 0 0 0 0 0 0 1 
  1 0 0 0 0 0 0 0 0 0 0 0 0 0 0 0 0 0 0 1 
  1 0 0 0 0 0 0 0 0 0 0 0 0 0 0 0 0 0 0 1 
  1 3 0 0 0 0 0 0 0 0 0 0 0 0 0 0 0 0 0 1 
  1 1 1 1 1 1 1 1 1 1 1 1 1 1 1 1 1 1 1 1 

[2026-05-05 13:46:12] Mapa salvo | spawn=(1,13)
  Mapa:
  1 1 1 1 1 1 1 1 1 1 1 1 1 1 1 1 1 1 1 1 
  1 2 0 0 0 0 0 0 0 0 0 0 0 0 0 0 0 0 0 1 
  1 0 0 0 0 0 0 0 0 0 0 0 0 0 0 0 0 0 0 1 
  1 0 0 0 0 0 0 0 0 0 0 0 0 0 0 0 0 0 0 1 
  1 0 0 0 0 0 0 0 0 0 0 0 0 0 0 0 0 0 0 1 
  1 0 0 0 0 0 0 0 0 0 0 0 0 0 0 0 0 0 0 1 
  1 0 0 0 0 0 0 0 0 0 0 0 0 0 0 0 0 0 0 1 
  1 0 0 0 0 0 0 0 0 0 0 0 0 0 0 0 0 0 0 1 
  1 0 0 0 0 0 0 0 0 0 0 0 0 0 0 0 0 0 0 1 
  1 0 0 0 0 0 0 0 0 0 0 0 0 0 0 0 0 0 0 1 
  1 0 0 0 0 0 0 0 0 0 0 0 0 0 0 0 0 0 0 1 
  1 0 0 0 0 0 0 0 0 0 0 0 0 0 0 0 0 0 0 1 
  1 0 0 0 0 0 0 0 0 0 0 0 0 0 0 0 0 0 0 1 
  1 3 0 0 0 0 0 0 0 0 0 0 0 0 0 0 0 0 0 1 
  1 1 1 1 1 1 1 1 1 1 1 1 1 1 1 1 1 1 1 1 

